[2016-05-25 00:09:24,240][ERROR][license.plugin.core      ] [Lord Dark Wind] 
#
# LICENSE EXPIRED ON [Tuesday, April 12, 2016]. IF YOU HAVE A NEW LICENSE, PLEASE
# UPDATE IT. OTHERWISE, PLEASE REACH OUT TO YOUR SUPPORT CONTACT.
# 
# COMMERCIAL PLUGINS OPERATING WITH REDUCED FUNCTIONALITY
# - marvel
#  - The agent will stop collecting cluster and indices metrics
[2016-05-25 00:19:24,275][ERROR][license.plugin.core      ] [Lord Dark Wind] 
#
# LICENSE EXPIRED ON [Tuesday, April 12, 2016]. IF YOU HAVE A NEW LICENSE, PLEASE
# UPDATE IT. OTHERWISE, PLEASE REACH OUT TO YOUR SUPPORT CONTACT.
# 
# COMMERCIAL PLUGINS OPERATING WITH REDUCED FUNCTIONALITY
# - marvel
#  - The agent will stop collecting cluster and indices metrics
[2016-05-25 00:21:44,232][INFO ][node                     ] [Lord Dark Wind] stopping ...
[2016-05-25 00:21:44,850][INFO ][node                     ] [Lord Dark Wind] stopped
[2016-05-25 00:21:44,850][INFO ][node                     ] [Lord Dark Wind] closing ...
[2016-05-25 00:21:44,865][INFO ][node                     ] [Lord Dark Wind] closed
